{"timestamp":"2026-04-11T18:51:59.463Z","level":"INFO","message":"MongoDB connected"}
{"timestamp":"2026-04-11T18:51:59.472Z","level":"INFO","message":"Server running on port 5000"}
{"timestamp":"2026-04-11T18:52:02.424Z","level":"INFO","message":"Initial escalation run","success":true,"escalated":7}
{"timestamp":"2026-04-11T18:52:16.789Z","level":"INFO","message":"API Request","method":"GET","path":"/auth/check","status":304,"duration":"4ms","ip":"::1","userAgent":"Mozilla/5.0 (Windows NT 10.0; Win64; x64) AppleWebKit/537.36 (KHTML, like Gecko)"}
{"timestamp":"2026-04-11T18:52:17.045Z","level":"INFO","message":"API Request","method":"GET","path":"/my","status":200,"duration":"186ms","ip":"::1","userAgent":"Mozilla/5.0 (Windows NT 10.0; Win64; x64) AppleWebKit/537.36 (KHTML, like Gecko)"}
{"timestamp":"2026-04-11T18:52:19.130Z","level":"INFO","message":"API Request","method":"GET","path":"/leaderboard","status":200,"duration":"147ms","ip":"::1","userAgent":"Mozilla/5.0 (Windows NT 10.0; Win64; x64) AppleWebKit/537.36 (KHTML, like Gecko)"}
{"timestamp":"2026-04-11T18:52:19.214Z","level":"INFO","message":"API Request","method":"GET","path":"/my-stats","status":200,"duration":"235ms","ip":"::1","userAgent":"Mozilla/5.0 (Windows NT 10.0; Win64; x64) AppleWebKit/537.36 (KHTML, like Gecko)"}
{"timestamp":"2026-04-11T18:52:25.387Z","level":"INFO","message":"API Request","method":"GET","path":"/","status":200,"duration":"418ms","ip":"::1","userAgent":"Mozilla/5.0 (Windows NT 10.0; Win64; x64) AppleWebKit/537.36 (KHTML, like Gecko)"}
{"timestamp":"2026-04-11T18:52:26.226Z","level":"INFO","message":"API Request","method":"GET","path":"/leaderboard","status":200,"duration":"1ms","ip":"::1","userAgent":"Mozilla/5.0 (Windows NT 10.0; Win64; x64) AppleWebKit/537.36 (KHTML, like Gecko)"}
{"timestamp":"2026-04-11T18:52:26.623Z","level":"INFO","message":"API Request","method":"GET","path":"/my-stats","status":304,"duration":"396ms","ip":"::1","userAgent":"Mozilla/5.0 (Windows NT 10.0; Win64; x64) AppleWebKit/537.36 (KHTML, like Gecko)"}
{"timestamp":"2026-04-11T18:52:34.544Z","level":"INFO","message":"API Request","method":"GET","path":"/","status":304,"duration":"299ms","ip":"::1","userAgent":"Mozilla/5.0 (Windows NT 10.0; Win64; x64) AppleWebKit/537.36 (KHTML, like Gecko)"}
{"timestamp":"2026-04-11T18:52:36.935Z","level":"INFO","message":"API Request","method":"GET","path":"/","status":200,"duration":"286ms","ip":"::1","userAgent":"Mozilla/5.0 (Windows NT 10.0; Win64; x64) AppleWebKit/537.36 (KHTML, like Gecko)"}
{"timestamp":"2026-04-11T18:52:38.638Z","level":"INFO","message":"API Request","method":"GET","path":"/stats","status":500,"duration":"1ms","ip":"::1","userAgent":"Mozilla/5.0 (Windows NT 10.0; Win64; x64) AppleWebKit/537.36 (KHTML, like Gecko)"}
{"timestamp":"2026-04-11T18:52:39.025Z","level":"INFO","message":"API Request","method":"GET","path":"/","status":200,"duration":"390ms","ip":"::1","userAgent":"Mozilla/5.0 (Windows NT 10.0; Win64; x64) AppleWebKit/537.36 (KHTML, like Gecko)"}
{"timestamp":"2026-04-11T18:52:43.347Z","level":"INFO","message":"API Request","method":"GET","path":"/auth/check","status":304,"duration":"1ms","ip":"::1","userAgent":"Mozilla/5.0 (Windows NT 10.0; Win64; x64) AppleWebKit/537.36 (KHTML, like Gecko)"}
{"timestamp":"2026-04-11T18:52:57.330Z","level":"INFO","message":"API Request","method":"POST","path":"/auth/logout","status":200,"duration":"1ms","ip":"::1","userAgent":"Mozilla/5.0 (Windows NT 10.0; Win64; x64) AppleWebKit/537.36 (KHTML, like Gecko)"}
{"timestamp":"2026-04-11T18:52:57.371Z","level":"INFO","message":"API Request","method":"GET","path":"/auth/check","status":401,"duration":"0ms","ip":"::1","userAgent":"Mozilla/5.0 (Windows NT 10.0; Win64; x64) AppleWebKit/537.36 (KHTML, like Gecko)"}
{"timestamp":"2026-04-11T18:53:07.423Z","level":"INFO","message":"API Request","method":"POST","path":"/auth/google","status":200,"duration":"1171ms","ip":"::1","userAgent":"Mozilla/5.0 (Windows NT 10.0; Win64; x64) AppleWebKit/537.36 (KHTML, like Gecko)"}
{"timestamp":"2026-04-11T18:53:07.536Z","level":"INFO","message":"API Request","method":"GET","path":"/auth/check","status":200,"duration":"2ms","ip":"::1","userAgent":"Mozilla/5.0 (Windows NT 10.0; Win64; x64) AppleWebKit/537.36 (KHTML, like Gecko)"}
{"timestamp":"2026-04-11T18:53:11.164Z","level":"INFO","message":"API Request","method":"GET","path":"/leaderboard","status":304,"duration":"1ms","ip":"::1","userAgent":"Mozilla/5.0 (Windows NT 10.0; Win64; x64) AppleWebKit/537.36 (KHTML, like Gecko)"}
{"timestamp":"2026-04-11T18:53:11.489Z","level":"INFO","message":"API Request","method":"GET","path":"/my-stats","status":200,"duration":"323ms","ip":"::1","userAgent":"Mozilla/5.0 (Windows NT 10.0; Win64; x64) AppleWebKit/537.36 (KHTML, like Gecko)"}
{"timestamp":"2026-04-11T18:53:16.930Z","level":"INFO","message":"API Request","method":"GET","path":"/my","status":200,"duration":"163ms","ip":"::1","userAgent":"Mozilla/5.0 (Windows NT 10.0; Win64; x64) AppleWebKit/537.36 (KHTML, like Gecko)"}
{"timestamp":"2026-04-11T18:53:20.711Z","level":"INFO","message":"API Request","method":"GET","path":"/auth/check","status":304,"duration":"2ms","ip":"::1","userAgent":"Mozilla/5.0 (Windows NT 10.0; Win64; x64) AppleWebKit/537.36 (KHTML, like Gecko)"}
{"timestamp":"2026-04-11T18:54:20.366Z","level":"INFO","message":"API Request","method":"POST","path":"/","status":201,"duration":"6805ms","ip":"::1","userAgent":"Mozilla/5.0 (Windows NT 10.0; Win64; x64) AppleWebKit/537.36 (KHTML, like Gecko)"}
{"timestamp":"2026-04-11T18:54:20.364Z","level":"INFO","message":"Report created","reportId":"69da98dcb5f6872946ca732e","category":"organic","userId":"69cb7e4b603d17552fcfb826"}
{"timestamp":"2026-04-11T18:54:20.382Z","level":"ERROR","message":"Background processing failed","reportId":"69da98dcb5f6872946ca732e","error":"getRecommendations is not a function"}
{"timestamp":"2026-04-11T18:54:23.812Z","level":"INFO","message":"API Request","method":"GET","path":"/my","status":200,"duration":"762ms","ip":"::1","userAgent":"Mozilla/5.0 (Windows NT 10.0; Win64; x64) AppleWebKit/537.36 (KHTML, like Gecko)"}
{"timestamp":"2026-04-11T18:54:26.252Z","level":"INFO","message":"API Request","method":"GET","path":"/leaderboard","status":200,"duration":"185ms","ip":"::1","userAgent":"Mozilla/5.0 (Windows NT 10.0; Win64; x64) AppleWebKit/537.36 (KHTML, like Gecko)"}
{"timestamp":"2026-04-11T18:54:26.329Z","level":"INFO","message":"API Request","method":"GET","path":"/my-stats","status":304,"duration":"264ms","ip":"::1","userAgent":"Mozilla/5.0 (Windows NT 10.0; Win64; x64) AppleWebKit/537.36 (KHTML, like Gecko)"}
{"timestamp":"2026-04-11T18:56:18.286Z","level":"INFO","message":"API Request","method":"GET","path":"/my","status":304,"duration":"188ms","ip":"::1","userAgent":"Mozilla/5.0 (Windows NT 10.0; Win64; x64) AppleWebKit/537.36 (KHTML, like Gecko)"}
{"timestamp":"2026-04-11T18:56:21.792Z","level":"INFO","message":"API Request","method":"GET","path":"/auth/check","status":304,"duration":"1ms","ip":"::1","userAgent":"Mozilla/5.0 (Windows NT 10.0; Win64; x64) AppleWebKit/537.36 (KHTML, like Gecko)"}
{"timestamp":"2026-04-11T18:56:24.899Z","level":"INFO","message":"API Request","method":"GET","path":"/auth/check","status":304,"duration":"1ms","ip":"::1","userAgent":"Mozilla/5.0 (Windows NT 10.0; Win64; x64) AppleWebKit/537.36 (KHTML, like Gecko)"}
{"timestamp":"2026-04-11T18:56:29.807Z","level":"INFO","message":"API Request","method":"GET","path":"/my","status":304,"duration":"397ms","ip":"::1","userAgent":"Mozilla/5.0 (Windows NT 10.0; Win64; x64) AppleWebKit/537.36 (KHTML, like Gecko)"}
{"timestamp":"2026-04-11T18:56:32.268Z","level":"INFO","message":"API Request","method":"GET","path":"/leaderboard","status":304,"duration":"184ms","ip":"::1","userAgent":"Mozilla/5.0 (Windows NT 10.0; Win64; x64) AppleWebKit/537.36 (KHTML, like Gecko)"}
{"timestamp":"2026-04-11T18:56:32.524Z","level":"INFO","message":"API Request","method":"GET","path":"/my-stats","status":304,"duration":"439ms","ip":"::1","userAgent":"Mozilla/5.0 (Windows NT 10.0; Win64; x64) AppleWebKit/537.36 (KHTML, like Gecko)"}
{"timestamp":"2026-04-11T18:56:47.610Z","level":"INFO","message":"API Request","method":"GET","path":"/auth/check","status":304,"duration":"2ms","ip":"::1","userAgent":"Mozilla/5.0 (iPhone; CPU iPhone OS 18_5 like Mac OS X) AppleWebKit/605.1.15 (KHT"}
{"timestamp":"2026-04-11T18:56:47.864Z","level":"INFO","message":"API Request","method":"GET","path":"/leaderboard","status":200,"duration":"1ms","ip":"::1","userAgent":"Mozilla/5.0 (iPhone; CPU iPhone OS 18_5 like Mac OS X) AppleWebKit/605.1.15 (KHT"}
{"timestamp":"2026-04-11T18:56:48.166Z","level":"INFO","message":"API Request","method":"GET","path":"/my-stats","status":304,"duration":"305ms","ip":"::1","userAgent":"Mozilla/5.0 (iPhone; CPU iPhone OS 18_5 like Mac OS X) AppleWebKit/605.1.15 (KHT"}
